<?xml version="1.0" encoding="UTF-8"?><testsuite name="nosetests" tests="7" errors="0" failures="0" skip="0"><testcase classname="unittest_zl.unittest_zl" name="test_1" time="0.000"><system-out><![CDATA[test_1
2
]]></system-out></testcase><testcase classname="unittest_zl.unittest_zl" name="test_2" time="0.001"><system-out><![CDATA[test_2
2
]]></system-out></testcase><testcase classname="unittest_zl.unittest_zl" name="test_3" time="0.000"><system-out><![CDATA[test_3
]]></system-out></testcase><testcase classname="unittest_zl.unittest_zl" name="test_4" time="0.000"><system-out><![CDATA[test_4
]]></system-out></testcase><testcase classname="unittest_zl.unittest_zl" name="test_5" time="0.000"><system-out><![CDATA[test_5
]]></system-out></testcase><testcase classname="unittest_zl.unittest_zl" name="test_6" time="0.000"><system-out><![CDATA[test_6
2
]]></system-out></testcase><testcase classname="unittest_zl.unittest_zl" name="test_7" time="0.000"><system-out><![CDATA[test_7
2
]]></system-out></testcase></testsuite>